# JRE version: Java(TM) SE Runtime Environment (8.0_66-b18) (build 1.8.0_66-b18)
# Java VM: Java HotSpot(TM) Client VM (25.66-b18 mixed mode, sharing windows-x86 )
Heap:
 def new generation   total 4928K, used 1443K [0x04c00000, 0x05150000, 0x0a150000)
  eden space 4416K,  21% used [0x04c00000, 0x04ce8fa8, 0x05050000)
  from space 512K,  99% used [0x050d0000, 0x0514fff8, 0x05150000)
  to   space 512K,   0% used [0x05050000, 0x05050000, 0x050d0000)
 tenured generation   total 10944K, used 3214K [0x0a150000, 0x0ac00000, 0x14c00000)
   the space 10944K,  29% used [0x0a150000, 0x0a473840, 0x0a473a00, 0x0ac00000)
 Metaspace       used 3714K, capacity 5665K, committed 5760K, reserved 6528K
GC Heap History (10 events):
Event: 0.749 GC heap before
{Heap before GC invocations=2 (full 0):
 def new generation   total 4928K, used 3995K [0x04c00000, 0x05150000, 0x0a150000)
  eden space 4416K,  78% used [0x04c00000, 0x04f66d68, 0x05050000)
  from space 512K, 100% used [0x05050000, 0x050d0000, 0x050d0000)
  to   space 512K,   0% used [0x050d0000, 0x050d0000, 0x05150000)
 tenured generation   total 10944K, used 1449K [0x0a150000, 0x0ac00000, 0x14c00000)
   the space 10944K,  13% used [0x0a150000, 0x0a2ba5c0, 0x0a2ba600, 0x0ac00000)
 Metaspace       used 2035K, capacity 3999K, committed 4032K, reserved 4480K
Event: 0.752 GC heap after
Heap after GC invocations=3 (full 0):
 def new generation   total 4928K, used 512K [0x04c00000, 0x05150000, 0x0a150000)
  eden space 4416K,   0% used [0x04c00000, 0x04c00000, 0x05050000)
  from space 512K, 100% used [0x050d0000, 0x05150000, 0x05150000)
  to   space 512K,   0% used [0x05050000, 0x05050000, 0x050d0000)
 tenured generation   total 10944K, used 2103K [0x0a150000, 0x0ac00000, 0x14c00000)
   the space 10944K,  19% used [0x0a150000, 0x0a35dea0, 0x0a35e000, 0x0ac00000)
 Metaspace       used 2035K, capacity 3999K, committed 4032K, reserved 4480K
}
Event: 0.876 GC heap before
{Heap before GC invocations=3 (full 0):
 def new generation   total 4928K, used 4928K [0x04c00000, 0x05150000, 0x0a150000)
  eden space 4416K, 100% used [0x04c00000, 0x05050000, 0x05050000)
  from space 512K, 100% used [0x050d0000, 0x05150000, 0x05150000)
  to   space 512K,   0% used [0x05050000, 0x05050000, 0x050d0000)
 tenured generation   total 10944K, used 2103K [0x0a150000, 0x0ac00000, 0x14c00000)
   the space 10944K,  19% used [0x0a150000, 0x0a35dea0, 0x0a35e000, 0x0ac00000)
 Metaspace       used 2209K, capacity 4159K, committed 4160K, reserved 4480K
Event: 0.878 GC heap after
Heap after GC invocations=4 (full 0):
 def new generation   total 4928K, used 460K [0x04c00000, 0x05150000, 0x0a150000)
  eden space 4416K,   0% used [0x04c00000, 0x04c00000, 0x05050000)
  from space 512K,  89% used [0x05050000, 0x050c32d0, 0x050d0000)
  to   space 512K,   0% used [0x050d0000, 0x050d0000, 0x05150000)
 tenured generation   total 10944K, used 2321K [0x0a150000, 0x0ac00000, 0x14c00000)
   the space 10944K,  21% used [0x0a150000, 0x0a394688, 0x0a394800, 0x0ac00000)
 Metaspace       used 2209K, capacity 4159K, committed 4160K, reserved 4480K
}
Event: 1.021 GC heap before
{Heap before GC invocations=4 (full 0):
 def new generation   total 4928K, used 4876K [0x04c00000, 0x05150000, 0x0a150000)
  eden space 4416K, 100% used [0x04c00000, 0x05050000, 0x05050000)
  from space 512K,  89% used [0x05050000, 0x050c32d0, 0x050d0000)
  to   space 512K,   0% used [0x050d0000, 0x050d0000, 0x05150000)
 tenured generation   total 10944K, used 2321K [0x0a150000, 0x0ac00000, 0x14c00000)
   the space 10944K,  21% used [0x0a150000, 0x0a394688, 0x0a394800, 0x0ac00000)
 Metaspace       used 2536K, capacity 4479K, committed 4480K, reserved 4480K
Event: 1.022 GC heap after
Heap after GC invocations=5 (full 0):
 def new generation   total 4928K, used 474K [0x04c00000, 0x05150000, 0x0a150000)
  eden space 4416K,   0% used [0x04c00000, 0x04c00000, 0x05050000)
  from space 512K,  92% used [0x050d0000, 0x05146958, 0x05150000)
  to   space 512K,   0% used [0x05050000, 0x05050000, 0x050d0000)
 tenured generation   total 10944K, used 2370K [0x0a150000, 0x0ac00000, 0x14c00000)
   the space 10944K,  21% used [0x0a150000, 0x0a3a0920, 0x0a3a0a00, 0x0ac00000)
 Metaspace       used 2536K, capacity 4479K, committed 4480K, reserved 4480K
}
Event: 1.231 GC heap before
{Heap before GC invocations=5 (full 0):
 def new generation   total 4928K, used 4890K [0x04c00000, 0x05150000, 0x0a150000)
  eden space 4416K, 100% used [0x04c00000, 0x05050000, 0x05050000)
  from space 512K,  92% used [0x050d0000, 0x05146958, 0x05150000)
  to   space 512K,   0% used [0x05050000, 0x05050000, 0x050d0000)
 tenured generation   total 10944K, used 2370K [0x0a150000, 0x0ac00000, 0x14c00000)
   the space 10944K,  21% used [0x0a150000, 0x0a3a0920, 0x0a3a0a00, 0x0ac00000)
 Metaspace       used 3500K, capacity 5439K, committed 5504K, reserved 5504K
Event: 1.232 GC heap after
Heap after GC invocations=6 (full 0):
 def new generation   total 4928K, used 512K [0x04c00000, 0x05150000, 0x0a150000)
  eden space 4416K,   0% used [0x04c00000, 0x04c00000, 0x05050000)
  from space 512K, 100% used [0x05050000, 0x050d0000, 0x050d0000)
  to   space 512K,   0% used [0x050d0000, 0x050d0000, 0x05150000)
 tenured generation   total 10944K, used 2736K [0x0a150000, 0x0ac00000, 0x14c00000)
   the space 10944K,  25% used [0x0a150000, 0x0a3fc030, 0x0a3fc200, 0x0ac00000)
 Metaspace       used 3500K, capacity 5439K, committed 5504K, reserved 5504K
}
Event: 44.665 GC heap before
{Heap before GC invocations=6 (full 0):
 def new generation   total 4928K, used 4928K [0x04c00000, 0x05150000, 0x0a150000)
  eden space 4416K, 100% used [0x04c00000, 0x05050000, 0x05050000)
  from space 512K, 100% used [0x05050000, 0x050d0000, 0x050d0000)
  to   space 512K,   0% used [0x050d0000, 0x050d0000, 0x05150000)
 tenured generation   total 10944K, used 2736K [0x0a150000, 0x0ac00000, 0x14c00000)
   the space 10944K,  25% used [0x0a150000, 0x0a3fc030, 0x0a3fc200, 0x0ac00000)
 Metaspace       used 3710K, capacity 5665K, committed 5760K, reserved 6528K
Event: 44.670 GC heap after
Heap after GC invocations=7 (full 0):
 def new generation   total 4928K, used 511K [0x04c00000, 0x05150000, 0x0a150000)
  eden space 4416K,   0% used [0x04c00000, 0x04c00000, 0x05050000)
  from space 512K,  99% used [0x050d0000, 0x0514fff8, 0x05150000)
  to   space 512K,   0% used [0x05050000, 0x05050000, 0x050d0000)
 tenured generation   total 10944K, used 3214K [0x0a150000, 0x0ac00000, 0x14c00000)
   the space 10944K,  29% used [0x0a150000, 0x0a473840, 0x0a473a00, 0x0ac00000)
 Metaspace       used 3710K, capacity 5665K, committed 5760K, reserved 6528K
}

