# JRE version: Java(TM) SE Runtime Environment (8.0_66-b18) (build 1.8.0_66-b18)
# Java VM: Java HotSpot(TM) Client VM (25.66-b18 mixed mode, sharing windows-x86 )
Heap:
 def new generation   total 15360K, used 3561K [0x04200000, 0x052a0000, 0x06ca0000)
  eden space 13696K,  13% used [0x04200000, 0x043da5c8, 0x04f60000)
  from space 1664K, 100% used [0x04f60000, 0x05100000, 0x05100000)
  to   space 1664K,   0% used [0x05100000, 0x05100000, 0x052a0000)
 tenured generation   total 34176K, used 2418K [0x06ca0000, 0x08e00000, 0x0c200000)
   the space 34176K,   7% used [0x06ca0000, 0x06efca38, 0x06efcc00, 0x08e00000)
 Metaspace       used 3685K, capacity 5631K, committed 5632K, reserved 6528K
GC Heap History (4 events):
Event: 0.688 GC heap before
{Heap before GC invocations=0 (full 0):
 def new generation   total 15360K, used 13495K [0x04200000, 0x052a0000, 0x06ca0000)
  eden space 13696K,  98% used [0x04200000, 0x04f2de18, 0x04f60000)
  from space 1664K,   0% used [0x04f60000, 0x04f60000, 0x05100000)
  to   space 1664K,   0% used [0x05100000, 0x05100000, 0x052a0000)
 tenured generation   total 34176K, used 0K [0x06ca0000, 0x08e00000, 0x0c200000)
   the space 34176K,   0% used [0x06ca0000, 0x06ca0000, 0x06ca0200, 0x08e00000)
 Metaspace       used 2036K, capacity 3999K, committed 4032K, reserved 4480K
Event: 0.693 GC heap after
Heap after GC invocations=1 (full 0):
 def new generation   total 15360K, used 1664K [0x04200000, 0x052a0000, 0x06ca0000)
  eden space 13696K,   0% used [0x04200000, 0x04200000, 0x04f60000)
  from space 1664K, 100% used [0x05100000, 0x052a0000, 0x052a0000)
  to   space 1664K,   0% used [0x04f60000, 0x04f60000, 0x05100000)
 tenured generation   total 34176K, used 1104K [0x06ca0000, 0x08e00000, 0x0c200000)
   the space 34176K,   3% used [0x06ca0000, 0x06db41e0, 0x06db4200, 0x08e00000)
 Metaspace       used 2036K, capacity 3999K, committed 4032K, reserved 4480K
}
Event: 1.169 GC heap before
{Heap before GC invocations=1 (full 0):
 def new generation   total 15360K, used 15360K [0x04200000, 0x052a0000, 0x06ca0000)
  eden space 13696K, 100% used [0x04200000, 0x04f60000, 0x04f60000)
  from space 1664K, 100% used [0x05100000, 0x052a0000, 0x052a0000)
  to   space 1664K,   0% used [0x04f60000, 0x04f60000, 0x05100000)
 tenured generation   total 34176K, used 1104K [0x06ca0000, 0x08e00000, 0x0c200000)
   the space 34176K,   3% used [0x06ca0000, 0x06db41e0, 0x06db4200, 0x08e00000)
 Metaspace       used 3517K, capacity 5471K, committed 5504K, reserved 5504K
Event: 1.174 GC heap after
Heap after GC invocations=2 (full 0):
 def new generation   total 15360K, used 1664K [0x04200000, 0x052a0000, 0x06ca0000)
  eden space 13696K,   0% used [0x04200000, 0x04200000, 0x04f60000)
  from space 1664K, 100% used [0x04f60000, 0x05100000, 0x05100000)
  to   space 1664K,   0% used [0x05100000, 0x05100000, 0x052a0000)
 tenured generation   total 34176K, used 2418K [0x06ca0000, 0x08e00000, 0x0c200000)
   the space 34176K,   7% used [0x06ca0000, 0x06efca38, 0x06efcc00, 0x08e00000)
 Metaspace       used 3517K, capacity 5471K, committed 5504K, reserved 5504K
}

