# JRE version: Java(TM) SE Runtime Environment (8.0_66-b18) (build 1.8.0_66-b18)
# Java VM: Java HotSpot(TM) Client VM (25.66-b18 mixed mode, sharing windows-x86 )
Heap:
 def new generation   total 4928K, used 3646K [0x04200000, 0x04750000, 0x09750000)
  eden space 4416K,  70% used [0x04200000, 0x0450f8e8, 0x04650000)
  from space 512K, 100% used [0x04650000, 0x046d0000, 0x046d0000)
  to   space 512K,   0% used [0x046d0000, 0x046d0000, 0x04750000)
 tenured generation   total 10944K, used 2742K [0x09750000, 0x0a200000, 0x14200000)
   the space 10944K,  25% used [0x09750000, 0x099fd870, 0x099fda00, 0x0a200000)
 Metaspace       used 3711K, capacity 5663K, committed 5760K, reserved 6528K
GC Heap History (10 events):
Event: 0.557 GC heap before
{Heap before GC invocations=1 (full 0):
 def new generation   total 4928K, used 4928K [0x04200000, 0x04750000, 0x09750000)
  eden space 4416K, 100% used [0x04200000, 0x04650000, 0x04650000)
  from space 512K, 100% used [0x046d0000, 0x04750000, 0x04750000)
  to   space 512K,   0% used [0x04650000, 0x04650000, 0x046d0000)
 tenured generation   total 10944K, used 564K [0x09750000, 0x0a200000, 0x14200000)
   the space 10944K,   5% used [0x09750000, 0x097dd2d8, 0x097dd400, 0x0a200000)
 Metaspace       used 1474K, capacity 3519K, committed 3520K, reserved 4480K
Event: 0.561 GC heap after
Heap after GC invocations=2 (full 0):
 def new generation   total 4928K, used 512K [0x04200000, 0x04750000, 0x09750000)
  eden space 4416K,   0% used [0x04200000, 0x04200000, 0x04650000)
  from space 512K, 100% used [0x04650000, 0x046d0000, 0x046d0000)
  to   space 512K,   0% used [0x046d0000, 0x046d0000, 0x04750000)
 tenured generation   total 10944K, used 1448K [0x09750000, 0x0a200000, 0x14200000)
   the space 10944K,  13% used [0x09750000, 0x098ba1a0, 0x098ba200, 0x0a200000)
 Metaspace       used 1474K, capacity 3519K, committed 3520K, reserved 4480K
}
Event: 0.752 GC heap before
{Heap before GC invocations=2 (full 0):
 def new generation   total 4928K, used 3998K [0x04200000, 0x04750000, 0x09750000)
  eden space 4416K,  78% used [0x04200000, 0x04567830, 0x04650000)
  from space 512K, 100% used [0x04650000, 0x046d0000, 0x046d0000)
  to   space 512K,   0% used [0x046d0000, 0x046d0000, 0x04750000)
 tenured generation   total 10944K, used 1448K [0x09750000, 0x0a200000, 0x14200000)
   the space 10944K,  13% used [0x09750000, 0x098ba1a0, 0x098ba200, 0x0a200000)
 Metaspace       used 2035K, capacity 3999K, committed 4032K, reserved 4480K
Event: 0.754 GC heap after
Heap after GC invocations=3 (full 0):
 def new generation   total 4928K, used 512K [0x04200000, 0x04750000, 0x09750000)
  eden space 4416K,   0% used [0x04200000, 0x04200000, 0x04650000)
  from space 512K, 100% used [0x046d0000, 0x04750000, 0x04750000)
  to   space 512K,   0% used [0x04650000, 0x04650000, 0x046d0000)
 tenured generation   total 10944K, used 2103K [0x09750000, 0x0a200000, 0x14200000)
   the space 10944K,  19% used [0x09750000, 0x0995dc28, 0x0995de00, 0x0a200000)
 Metaspace       used 2035K, capacity 3999K, committed 4032K, reserved 4480K
}
Event: 0.881 GC heap before
{Heap before GC invocations=3 (full 0):
 def new generation   total 4928K, used 4928K [0x04200000, 0x04750000, 0x09750000)
  eden space 4416K, 100% used [0x04200000, 0x04650000, 0x04650000)
  from space 512K, 100% used [0x046d0000, 0x04750000, 0x04750000)
  to   space 512K,   0% used [0x04650000, 0x04650000, 0x046d0000)
 tenured generation   total 10944K, used 2103K [0x09750000, 0x0a200000, 0x14200000)
   the space 10944K,  19% used [0x09750000, 0x0995dc28, 0x0995de00, 0x0a200000)
 Metaspace       used 2209K, capacity 4159K, committed 4160K, reserved 4480K
Event: 0.882 GC heap after
Heap after GC invocations=4 (full 0):
 def new generation   total 4928K, used 454K [0x04200000, 0x04750000, 0x09750000)
  eden space 4416K,   0% used [0x04200000, 0x04200000, 0x04650000)
  from space 512K,  88% used [0x04650000, 0x046c1a50, 0x046d0000)
  to   space 512K,   0% used [0x046d0000, 0x046d0000, 0x04750000)
 tenured generation   total 10944K, used 2321K [0x09750000, 0x0a200000, 0x14200000)
   the space 10944K,  21% used [0x09750000, 0x09994668, 0x09994800, 0x0a200000)
 Metaspace       used 2209K, capacity 4159K, committed 4160K, reserved 4480K
}
Event: 1.021 GC heap before
{Heap before GC invocations=4 (full 0):
 def new generation   total 4928K, used 4870K [0x04200000, 0x04750000, 0x09750000)
  eden space 4416K, 100% used [0x04200000, 0x04650000, 0x04650000)
  from space 512K,  88% used [0x04650000, 0x046c1a50, 0x046d0000)
  to   space 512K,   0% used [0x046d0000, 0x046d0000, 0x04750000)
 tenured generation   total 10944K, used 2321K [0x09750000, 0x0a200000, 0x14200000)
   the space 10944K,  21% used [0x09750000, 0x09994668, 0x09994800, 0x0a200000)
 Metaspace       used 2537K, capacity 4479K, committed 4480K, reserved 4480K
Event: 1.022 GC heap after
Heap after GC invocations=5 (full 0):
 def new generation   total 4928K, used 479K [0x04200000, 0x04750000, 0x09750000)
  eden space 4416K,   0% used [0x04200000, 0x04200000, 0x04650000)
  from space 512K,  93% used [0x046d0000, 0x04747fa0, 0x04750000)
  to   space 512K,   0% used [0x04650000, 0x04650000, 0x046d0000)
 tenured generation   total 10944K, used 2370K [0x09750000, 0x0a200000, 0x14200000)
   the space 10944K,  21% used [0x09750000, 0x099a0900, 0x099a0a00, 0x0a200000)
 Metaspace       used 2537K, capacity 4479K, committed 4480K, reserved 4480K
}
Event: 1.230 GC heap before
{Heap before GC invocations=5 (full 0):
 def new generation   total 4928K, used 4895K [0x04200000, 0x04750000, 0x09750000)
  eden space 4416K, 100% used [0x04200000, 0x04650000, 0x04650000)
  from space 512K,  93% used [0x046d0000, 0x04747fa0, 0x04750000)
  to   space 512K,   0% used [0x04650000, 0x04650000, 0x046d0000)
 tenured generation   total 10944K, used 2370K [0x09750000, 0x0a200000, 0x14200000)
   the space 10944K,  21% used [0x09750000, 0x099a0900, 0x099a0a00, 0x0a200000)
 Metaspace       used 3500K, capacity 5439K, committed 5504K, reserved 5504K
Event: 1.231 GC heap after
Heap after GC invocations=6 (full 0):
 def new generation   total 4928K, used 512K [0x04200000, 0x04750000, 0x09750000)
  eden space 4416K,   0% used [0x04200000, 0x04200000, 0x04650000)
  from space 512K, 100% used [0x04650000, 0x046d0000, 0x046d0000)
  to   space 512K,   0% used [0x046d0000, 0x046d0000, 0x04750000)
 tenured generation   total 10944K, used 2742K [0x09750000, 0x0a200000, 0x14200000)
   the space 10944K,  25% used [0x09750000, 0x099fd870, 0x099fda00, 0x0a200000)
 Metaspace       used 3500K, capacity 5439K, committed 5504K, reserved 5504K
}

