# JRE version: Java(TM) SE Runtime Environment (8.0_66-b18) (build 1.8.0_66-b18)
# Java VM: Java HotSpot(TM) Client VM (25.66-b18 mixed mode, sharing windows-x86 )
Heap:
 def new generation   total 15360K, used 5174K [0x04800000, 0x058a0000, 0x072a0000)
  eden space 13696K,  26% used [0x04800000, 0x04b91580, 0x05560000)
  from space 1664K,  91% used [0x05560000, 0x056dc318, 0x05700000)
  to   space 1664K,   0% used [0x05700000, 0x05700000, 0x058a0000)
 tenured generation   total 34176K, used 2331K [0x072a0000, 0x09400000, 0x0c800000)
   the space 34176K,   6% used [0x072a0000, 0x074e6c70, 0x074e6e00, 0x09400000)
 Metaspace       used 3713K, capacity 5663K, committed 5760K, reserved 6528K
GC Heap History (4 events):
Event: 1.382 GC heap before
{Heap before GC invocations=0 (full 0):
 def new generation   total 15360K, used 13696K [0x04800000, 0x058a0000, 0x072a0000)
  eden space 13696K, 100% used [0x04800000, 0x05560000, 0x05560000)
  from space 1664K,   0% used [0x05560000, 0x05560000, 0x05700000)
  to   space 1664K,   0% used [0x05700000, 0x05700000, 0x058a0000)
 tenured generation   total 34176K, used 0K [0x072a0000, 0x09400000, 0x0c800000)
   the space 34176K,   0% used [0x072a0000, 0x072a0000, 0x072a0200, 0x09400000)
 Metaspace       used 2016K, capacity 3967K, committed 4032K, reserved 4480K
Event: 1.387 GC heap after
Heap after GC invocations=1 (full 0):
 def new generation   total 15360K, used 1664K [0x04800000, 0x058a0000, 0x072a0000)
  eden space 13696K,   0% used [0x04800000, 0x04800000, 0x05560000)
  from space 1664K, 100% used [0x05700000, 0x058a0000, 0x058a0000)
  to   space 1664K,   0% used [0x05560000, 0x05560000, 0x05700000)
 tenured generation   total 34176K, used 1085K [0x072a0000, 0x09400000, 0x0c800000)
   the space 34176K,   3% used [0x072a0000, 0x073af420, 0x073af600, 0x09400000)
 Metaspace       used 2016K, capacity 3967K, committed 4032K, reserved 4480K
}
Event: 2.425 GC heap before
{Heap before GC invocations=1 (full 0):
 def new generation   total 15360K, used 15360K [0x04800000, 0x058a0000, 0x072a0000)
  eden space 13696K, 100% used [0x04800000, 0x05560000, 0x05560000)
  from space 1664K, 100% used [0x05700000, 0x058a0000, 0x058a0000)
  to   space 1664K,   0% used [0x05560000, 0x05560000, 0x05700000)
 tenured generation   total 34176K, used 1085K [0x072a0000, 0x09400000, 0x0c800000)
   the space 34176K,   3% used [0x072a0000, 0x073af420, 0x073af600, 0x09400000)
 Metaspace       used 3436K, capacity 5375K, committed 5376K, reserved 5504K
Event: 2.430 GC heap after
Heap after GC invocations=2 (full 0):
 def new generation   total 15360K, used 1520K [0x04800000, 0x058a0000, 0x072a0000)
  eden space 13696K,   0% used [0x04800000, 0x04800000, 0x05560000)
  from space 1664K,  91% used [0x05560000, 0x056dc318, 0x05700000)
  to   space 1664K,   0% used [0x05700000, 0x05700000, 0x058a0000)
 tenured generation   total 34176K, used 2331K [0x072a0000, 0x09400000, 0x0c800000)
   the space 34176K,   6% used [0x072a0000, 0x074e6c70, 0x074e6e00, 0x09400000)
 Metaspace       used 3436K, capacity 5375K, committed 5376K, reserved 5504K
}

