# JRE version: Java(TM) SE Runtime Environment (8.0_66-b18) (build 1.8.0_66-b18)
# Java VM: Java HotSpot(TM) Client VM (25.66-b18 mixed mode, sharing windows-x86 )
Heap:
 def new generation   total 15360K, used 4504K [0x04400000, 0x054a0000, 0x06ea0000)
  eden space 13696K,  20% used [0x04400000, 0x046c61c0, 0x05160000)
  from space 1664K, 100% used [0x05160000, 0x05300000, 0x05300000)
  to   space 1664K,   0% used [0x05300000, 0x05300000, 0x054a0000)
 tenured generation   total 34176K, used 10573K [0x06ea0000, 0x09000000, 0x0c400000)
   the space 34176K,  30% used [0x06ea0000, 0x078f3540, 0x078f3600, 0x09000000)
 Metaspace       used 3747K, capacity 5695K, committed 5760K, reserved 6528K
GC Heap History (10 events):
Event: 1.236 GC heap before
{Heap before GC invocations=1 (full 0):
 def new generation   total 15360K, used 15360K [0x04400000, 0x054a0000, 0x06ea0000)
  eden space 13696K, 100% used [0x04400000, 0x05160000, 0x05160000)
  from space 1664K, 100% used [0x05300000, 0x054a0000, 0x054a0000)
  to   space 1664K,   0% used [0x05160000, 0x05160000, 0x05300000)
 tenured generation   total 34176K, used 1087K [0x06ea0000, 0x09000000, 0x0c400000)
   the space 34176K,   3% used [0x06ea0000, 0x06faff68, 0x06fb0000, 0x09000000)
 Metaspace       used 3371K, capacity 5311K, committed 5376K, reserved 5504K
Event: 1.240 GC heap after
Heap after GC invocations=2 (full 0):
 def new generation   total 15360K, used 1372K [0x04400000, 0x054a0000, 0x06ea0000)
  eden space 13696K,   0% used [0x04400000, 0x04400000, 0x05160000)
  from space 1664K,  82% used [0x05160000, 0x052b7040, 0x05300000)
  to   space 1664K,   0% used [0x05300000, 0x05300000, 0x054a0000)
 tenured generation   total 34176K, used 2336K [0x06ea0000, 0x09000000, 0x0c400000)
   the space 34176K,   6% used [0x06ea0000, 0x070e8118, 0x070e8200, 0x09000000)
 Metaspace       used 3371K, capacity 5311K, committed 5376K, reserved 5504K
}
Event: 3.484 GC heap before
{Heap before GC invocations=2 (full 0):
 def new generation   total 15360K, used 15068K [0x04400000, 0x054a0000, 0x06ea0000)
  eden space 13696K, 100% used [0x04400000, 0x05160000, 0x05160000)
  from space 1664K,  82% used [0x05160000, 0x052b7040, 0x05300000)
  to   space 1664K,   0% used [0x05300000, 0x05300000, 0x054a0000)
 tenured generation   total 34176K, used 2336K [0x06ea0000, 0x09000000, 0x0c400000)
   the space 34176K,   6% used [0x06ea0000, 0x070e8118, 0x070e8200, 0x09000000)
 Metaspace       used 3742K, capacity 5695K, committed 5760K, reserved 6528K
Event: 3.488 GC heap after
Heap after GC invocations=3 (full 0):
 def new generation   total 15360K, used 1664K [0x04400000, 0x054a0000, 0x06ea0000)
  eden space 13696K,   0% used [0x04400000, 0x04400000, 0x05160000)
  from space 1664K, 100% used [0x05300000, 0x054a0000, 0x054a0000)
  to   space 1664K,   0% used [0x05160000, 0x05160000, 0x05300000)
 tenured generation   total 34176K, used 3768K [0x06ea0000, 0x09000000, 0x0c400000)
   the space 34176K,  11% used [0x06ea0000, 0x0724e0f8, 0x0724e200, 0x09000000)
 Metaspace       used 3742K, capacity 5695K, committed 5760K, reserved 6528K
}
Event: 6.251 GC heap before
{Heap before GC invocations=3 (full 0):
 def new generation   total 15360K, used 15360K [0x04400000, 0x054a0000, 0x06ea0000)
  eden space 13696K, 100% used [0x04400000, 0x05160000, 0x05160000)
  from space 1664K, 100% used [0x05300000, 0x054a0000, 0x054a0000)
  to   space 1664K,   0% used [0x05160000, 0x05160000, 0x05300000)
 tenured generation   total 34176K, used 3768K [0x06ea0000, 0x09000000, 0x0c400000)
   the space 34176K,  11% used [0x06ea0000, 0x0724e0f8, 0x0724e200, 0x09000000)
 Metaspace       used 3742K, capacity 5695K, committed 5760K, reserved 6528K
Event: 6.255 GC heap after
Heap after GC invocations=4 (full 0):
 def new generation   total 15360K, used 1663K [0x04400000, 0x054a0000, 0x06ea0000)
  eden space 13696K,   0% used [0x04400000, 0x04400000, 0x05160000)
  from space 1664K,  99% used [0x05160000, 0x052ffff8, 0x05300000)
  to   space 1664K,   0% used [0x05300000, 0x05300000, 0x054a0000)
 tenured generation   total 34176K, used 6059K [0x06ea0000, 0x09000000, 0x0c400000)
   the space 34176K,  17% used [0x06ea0000, 0x0748ac40, 0x0748ae00, 0x09000000)
 Metaspace       used 3742K, capacity 5695K, committed 5760K, reserved 6528K
}
Event: 9.050 GC heap before
{Heap before GC invocations=4 (full 0):
 def new generation   total 15360K, used 15359K [0x04400000, 0x054a0000, 0x06ea0000)
  eden space 13696K, 100% used [0x04400000, 0x05160000, 0x05160000)
  from space 1664K,  99% used [0x05160000, 0x052ffff8, 0x05300000)
  to   space 1664K,   0% used [0x05300000, 0x05300000, 0x054a0000)
 tenured generation   total 34176K, used 6059K [0x06ea0000, 0x09000000, 0x0c400000)
   the space 34176K,  17% used [0x06ea0000, 0x0748ac40, 0x0748ae00, 0x09000000)
 Metaspace       used 3742K, capacity 5695K, committed 5760K, reserved 6528K
Event: 9.055 GC heap after
Heap after GC invocations=5 (full 0):
 def new generation   total 15360K, used 1664K [0x04400000, 0x054a0000, 0x06ea0000)
  eden space 13696K,   0% used [0x04400000, 0x04400000, 0x05160000)
  from space 1664K, 100% used [0x05300000, 0x054a0000, 0x054a0000)
  to   space 1664K,   0% used [0x05160000, 0x05160000, 0x05300000)
 tenured generation   total 34176K, used 8298K [0x06ea0000, 0x09000000, 0x0c400000)
   the space 34176K,  24% used [0x06ea0000, 0x076ba8c0, 0x076baa00, 0x09000000)
 Metaspace       used 3742K, capacity 5695K, committed 5760K, reserved 6528K
}
Event: 11.800 GC heap before
{Heap before GC invocations=5 (full 0):
 def new generation   total 15360K, used 15360K [0x04400000, 0x054a0000, 0x06ea0000)
  eden space 13696K, 100% used [0x04400000, 0x05160000, 0x05160000)
  from space 1664K, 100% used [0x05300000, 0x054a0000, 0x054a0000)
  to   space 1664K,   0% used [0x05160000, 0x05160000, 0x05300000)
 tenured generation   total 34176K, used 8298K [0x06ea0000, 0x09000000, 0x0c400000)
   the space 34176K,  24% used [0x06ea0000, 0x076ba8c0, 0x076baa00, 0x09000000)
 Metaspace       used 3743K, capacity 5695K, committed 5760K, reserved 6528K
Event: 11.804 GC heap after
Heap after GC invocations=6 (full 0):
 def new generation   total 15360K, used 1664K [0x04400000, 0x054a0000, 0x06ea0000)
  eden space 13696K,   0% used [0x04400000, 0x04400000, 0x05160000)
  from space 1664K, 100% used [0x05160000, 0x05300000, 0x05300000)
  to   space 1664K,   0% used [0x05300000, 0x05300000, 0x054a0000)
 tenured generation   total 34176K, used 10573K [0x06ea0000, 0x09000000, 0x0c400000)
   the space 34176K,  30% used [0x06ea0000, 0x078f3540, 0x078f3600, 0x09000000)
 Metaspace       used 3743K, capacity 5695K, committed 5760K, reserved 6528K
}

