# JRE version: Java(TM) SE Runtime Environment (8.0_66-b18) (build 1.8.0_66-b18)
# Java VM: Java HotSpot(TM) Client VM (25.66-b18 mixed mode, sharing windows-x86 )
Heap:
 def new generation   total 15360K, used 10285K [0x04a00000, 0x05aa0000, 0x074a0000)
  eden space 13696K,  63% used [0x04a00000, 0x0527f0e0, 0x05760000)
  from space 1664K,  95% used [0x05760000, 0x058ec4c8, 0x05900000)
  to   space 1664K,   0% used [0x05900000, 0x05900000, 0x05aa0000)
 tenured generation   total 34176K, used 2327K [0x074a0000, 0x09600000, 0x0ca00000)
   the space 34176K,   6% used [0x074a0000, 0x076e5de8, 0x076e5e00, 0x09600000)
 Metaspace       used 3714K, capacity 5665K, committed 5760K, reserved 6528K
GC Heap History (4 events):
Event: 0.708 GC heap before
{Heap before GC invocations=0 (full 0):
 def new generation   total 15360K, used 13495K [0x04a00000, 0x05aa0000, 0x074a0000)
  eden space 13696K,  98% used [0x04a00000, 0x0572ded8, 0x05760000)
  from space 1664K,   0% used [0x05760000, 0x05760000, 0x05900000)
  to   space 1664K,   0% used [0x05900000, 0x05900000, 0x05aa0000)
 tenured generation   total 34176K, used 0K [0x074a0000, 0x09600000, 0x0ca00000)
   the space 34176K,   0% used [0x074a0000, 0x074a0000, 0x074a0200, 0x09600000)
 Metaspace       used 2016K, capacity 3967K, committed 4032K, reserved 4480K
Event: 0.714 GC heap after
Heap after GC invocations=1 (full 0):
 def new generation   total 15360K, used 1664K [0x04a00000, 0x05aa0000, 0x074a0000)
  eden space 13696K,   0% used [0x04a00000, 0x04a00000, 0x05760000)
  from space 1664K, 100% used [0x05900000, 0x05aa0000, 0x05aa0000)
  to   space 1664K,   0% used [0x05760000, 0x05760000, 0x05900000)
 tenured generation   total 34176K, used 1083K [0x074a0000, 0x09600000, 0x0ca00000)
   the space 34176K,   3% used [0x074a0000, 0x075aed00, 0x075aee00, 0x09600000)
 Metaspace       used 2016K, capacity 3967K, committed 4032K, reserved 4480K
}
Event: 1.231 GC heap before
{Heap before GC invocations=1 (full 0):
 def new generation   total 15360K, used 15360K [0x04a00000, 0x05aa0000, 0x074a0000)
  eden space 13696K, 100% used [0x04a00000, 0x05760000, 0x05760000)
  from space 1664K, 100% used [0x05900000, 0x05aa0000, 0x05aa0000)
  to   space 1664K,   0% used [0x05760000, 0x05760000, 0x05900000)
 tenured generation   total 34176K, used 1083K [0x074a0000, 0x09600000, 0x0ca00000)
   the space 34176K,   3% used [0x074a0000, 0x075aed00, 0x075aee00, 0x09600000)
 Metaspace       used 3541K, capacity 5503K, committed 5504K, reserved 5504K
Event: 1.235 GC heap after
Heap after GC invocations=2 (full 0):
 def new generation   total 15360K, used 1585K [0x04a00000, 0x05aa0000, 0x074a0000)
  eden space 13696K,   0% used [0x04a00000, 0x04a00000, 0x05760000)
  from space 1664K,  95% used [0x05760000, 0x058ec4c8, 0x05900000)
  to   space 1664K,   0% used [0x05900000, 0x05900000, 0x05aa0000)
 tenured generation   total 34176K, used 2327K [0x074a0000, 0x09600000, 0x0ca00000)
   the space 34176K,   6% used [0x074a0000, 0x076e5de8, 0x076e5e00, 0x09600000)
 Metaspace       used 3541K, capacity 5503K, committed 5504K, reserved 5504K
}

