# JRE version: Java(TM) SE Runtime Environment (8.0_66-b18) (build 1.8.0_66-b18)
# Java VM: Java HotSpot(TM) Client VM (25.66-b18 mixed mode, sharing windows-x86 )
Heap:
 def new generation   total 4928K, used 3067K [0x04200000, 0x04750000, 0x09750000)
  eden space 4416K,  57% used [0x04200000, 0x0447ee88, 0x04650000)
  from space 512K, 100% used [0x04650000, 0x046d0000, 0x046d0000)
  to   space 512K,   0% used [0x046d0000, 0x046d0000, 0x04750000)
 tenured generation   total 10944K, used 2964K [0x09750000, 0x0a200000, 0x14200000)
   the space 10944K,  27% used [0x09750000, 0x09a350a0, 0x09a35200, 0x0a200000)
 Metaspace       used 3693K, capacity 5631K, committed 5632K, reserved 6528K
GC Heap History (10 events):
Event: 0.546 GC heap before
{Heap before GC invocations=1 (full 0):
 def new generation   total 4928K, used 4928K [0x04200000, 0x04750000, 0x09750000)
  eden space 4416K, 100% used [0x04200000, 0x04650000, 0x04650000)
  from space 512K, 100% used [0x046d0000, 0x04750000, 0x04750000)
  to   space 512K,   0% used [0x04650000, 0x04650000, 0x046d0000)
 tenured generation   total 10944K, used 564K [0x09750000, 0x0a200000, 0x14200000)
   the space 10944K,   5% used [0x09750000, 0x097dd280, 0x097dd400, 0x0a200000)
 Metaspace       used 1474K, capacity 3519K, committed 3520K, reserved 4480K
Event: 0.550 GC heap after
Heap after GC invocations=2 (full 0):
 def new generation   total 4928K, used 512K [0x04200000, 0x04750000, 0x09750000)
  eden space 4416K,   0% used [0x04200000, 0x04200000, 0x04650000)
  from space 512K, 100% used [0x04650000, 0x046d0000, 0x046d0000)
  to   space 512K,   0% used [0x046d0000, 0x046d0000, 0x04750000)
 tenured generation   total 10944K, used 1435K [0x09750000, 0x0a200000, 0x14200000)
   the space 10944K,  13% used [0x09750000, 0x098b6da8, 0x098b6e00, 0x0a200000)
 Metaspace       used 1474K, capacity 3519K, committed 3520K, reserved 4480K
}
Event: 0.751 GC heap before
{Heap before GC invocations=2 (full 0):
 def new generation   total 4928K, used 4033K [0x04200000, 0x04750000, 0x09750000)
  eden space 4416K,  79% used [0x04200000, 0x04570728, 0x04650000)
  from space 512K, 100% used [0x04650000, 0x046d0000, 0x046d0000)
  to   space 512K,   0% used [0x046d0000, 0x046d0000, 0x04750000)
 tenured generation   total 10944K, used 1435K [0x09750000, 0x0a200000, 0x14200000)
   the space 10944K,  13% used [0x09750000, 0x098b6da8, 0x098b6e00, 0x0a200000)
 Metaspace       used 2036K, capacity 3999K, committed 4032K, reserved 4480K
Event: 0.753 GC heap after
Heap after GC invocations=3 (full 0):
 def new generation   total 4928K, used 512K [0x04200000, 0x04750000, 0x09750000)
  eden space 4416K,   0% used [0x04200000, 0x04200000, 0x04650000)
  from space 512K, 100% used [0x046d0000, 0x04750000, 0x04750000)
  to   space 512K,   0% used [0x04650000, 0x04650000, 0x046d0000)
 tenured generation   total 10944K, used 2096K [0x09750000, 0x0a200000, 0x14200000)
   the space 10944K,  19% used [0x09750000, 0x0995c068, 0x0995c200, 0x0a200000)
 Metaspace       used 2036K, capacity 3999K, committed 4032K, reserved 4480K
}
Event: 0.876 GC heap before
{Heap before GC invocations=3 (full 0):
 def new generation   total 4928K, used 4928K [0x04200000, 0x04750000, 0x09750000)
  eden space 4416K, 100% used [0x04200000, 0x04650000, 0x04650000)
  from space 512K, 100% used [0x046d0000, 0x04750000, 0x04750000)
  to   space 512K,   0% used [0x04650000, 0x04650000, 0x046d0000)
 tenured generation   total 10944K, used 2096K [0x09750000, 0x0a200000, 0x14200000)
   the space 10944K,  19% used [0x09750000, 0x0995c068, 0x0995c200, 0x0a200000)
 Metaspace       used 2195K, capacity 4159K, committed 4160K, reserved 4480K
Event: 0.878 GC heap after
Heap after GC invocations=4 (full 0):
 def new generation   total 4928K, used 512K [0x04200000, 0x04750000, 0x09750000)
  eden space 4416K,   0% used [0x04200000, 0x04200000, 0x04650000)
  from space 512K, 100% used [0x04650000, 0x046d0000, 0x046d0000)
  to   space 512K,   0% used [0x046d0000, 0x046d0000, 0x04750000)
 tenured generation   total 10944K, used 2388K [0x09750000, 0x0a200000, 0x14200000)
   the space 10944K,  21% used [0x09750000, 0x099a5068, 0x099a5200, 0x0a200000)
 Metaspace       used 2195K, capacity 4159K, committed 4160K, reserved 4480K
}
Event: 1.022 GC heap before
{Heap before GC invocations=4 (full 0):
 def new generation   total 4928K, used 4928K [0x04200000, 0x04750000, 0x09750000)
  eden space 4416K, 100% used [0x04200000, 0x04650000, 0x04650000)
  from space 512K, 100% used [0x04650000, 0x046d0000, 0x046d0000)
  to   space 512K,   0% used [0x046d0000, 0x046d0000, 0x04750000)
 tenured generation   total 10944K, used 2388K [0x09750000, 0x0a200000, 0x14200000)
   the space 10944K,  21% used [0x09750000, 0x099a5068, 0x099a5200, 0x0a200000)
 Metaspace       used 2545K, capacity 4511K, committed 4608K, reserved 5504K
Event: 1.023 GC heap after
Heap after GC invocations=5 (full 0):
 def new generation   total 4928K, used 502K [0x04200000, 0x04750000, 0x09750000)
  eden space 4416K,   0% used [0x04200000, 0x04200000, 0x04650000)
  from space 512K,  98% used [0x046d0000, 0x0474d900, 0x04750000)
  to   space 512K,   0% used [0x04650000, 0x04650000, 0x046d0000)
 tenured generation   total 10944K, used 2434K [0x09750000, 0x0a200000, 0x14200000)
   the space 10944K,  22% used [0x09750000, 0x099b0850, 0x099b0a00, 0x0a200000)
 Metaspace       used 2545K, capacity 4511K, committed 4608K, reserved 5504K
}
Event: 1.529 GC heap before
{Heap before GC invocations=5 (full 0):
 def new generation   total 4928K, used 4918K [0x04200000, 0x04750000, 0x09750000)
  eden space 4416K, 100% used [0x04200000, 0x04650000, 0x04650000)
  from space 512K,  98% used [0x046d0000, 0x0474d900, 0x04750000)
  to   space 512K,   0% used [0x04650000, 0x04650000, 0x046d0000)
 tenured generation   total 10944K, used 2434K [0x09750000, 0x0a200000, 0x14200000)
   the space 10944K,  22% used [0x09750000, 0x099b0850, 0x099b0a00, 0x0a200000)
 Metaspace       used 3486K, capacity 5439K, committed 5504K, reserved 5504K
Event: 1.530 GC heap after
Heap after GC invocations=6 (full 0):
 def new generation   total 4928K, used 512K [0x04200000, 0x04750000, 0x09750000)
  eden space 4416K,   0% used [0x04200000, 0x04200000, 0x04650000)
  from space 512K, 100% used [0x04650000, 0x046d0000, 0x046d0000)
  to   space 512K,   0% used [0x046d0000, 0x046d0000, 0x04750000)
 tenured generation   total 10944K, used 2964K [0x09750000, 0x0a200000, 0x14200000)
   the space 10944K,  27% used [0x09750000, 0x09a350a0, 0x09a35200, 0x0a200000)
 Metaspace       used 3486K, capacity 5439K, committed 5504K, reserved 5504K
}

