# JRE version: Java(TM) SE Runtime Environment (8.0_66-b18) (build 1.8.0_66-b18)
# Java VM: Java HotSpot(TM) Client VM (25.66-b18 mixed mode, sharing windows-x86 )
Heap:
 def new generation   total 15360K, used 4589K [0x04800000, 0x058a0000, 0x072a0000)
  eden space 13696K,  21% used [0x04800000, 0x04adb588, 0x05560000)
  from space 1664K, 100% used [0x05560000, 0x05700000, 0x05700000)
  to   space 1664K,   0% used [0x05700000, 0x05700000, 0x058a0000)
 tenured generation   total 34176K, used 2398K [0x072a0000, 0x09400000, 0x0c800000)
   the space 34176K,   7% used [0x072a0000, 0x074f7940, 0x074f7a00, 0x09400000)
 Metaspace       used 3695K, capacity 5633K, committed 5760K, reserved 6528K
GC Heap History (4 events):
Event: 0.728 GC heap before
{Heap before GC invocations=0 (full 0):
 def new generation   total 15360K, used 13499K [0x04800000, 0x058a0000, 0x072a0000)
  eden space 13696K,  98% used [0x04800000, 0x0552ef90, 0x05560000)
  from space 1664K,   0% used [0x05560000, 0x05560000, 0x05700000)
  to   space 1664K,   0% used [0x05700000, 0x05700000, 0x058a0000)
 tenured generation   total 34176K, used 0K [0x072a0000, 0x09400000, 0x0c800000)
   the space 34176K,   0% used [0x072a0000, 0x072a0000, 0x072a0200, 0x09400000)
 Metaspace       used 2036K, capacity 3999K, committed 4032K, reserved 4480K
Event: 0.733 GC heap after
Heap after GC invocations=1 (full 0):
 def new generation   total 15360K, used 1664K [0x04800000, 0x058a0000, 0x072a0000)
  eden space 13696K,   0% used [0x04800000, 0x04800000, 0x05560000)
  from space 1664K, 100% used [0x05700000, 0x058a0000, 0x058a0000)
  to   space 1664K,   0% used [0x05560000, 0x05560000, 0x05700000)
 tenured generation   total 34176K, used 1104K [0x072a0000, 0x09400000, 0x0c800000)
   the space 34176K,   3% used [0x072a0000, 0x073b41e8, 0x073b4200, 0x09400000)
 Metaspace       used 2036K, capacity 3999K, committed 4032K, reserved 4480K
}
Event: 1.212 GC heap before
{Heap before GC invocations=1 (full 0):
 def new generation   total 15360K, used 15356K [0x04800000, 0x058a0000, 0x072a0000)
  eden space 13696K,  99% used [0x04800000, 0x0555f230, 0x05560000)
  from space 1664K, 100% used [0x05700000, 0x058a0000, 0x058a0000)
  to   space 1664K,   0% used [0x05560000, 0x05560000, 0x05700000)
 tenured generation   total 34176K, used 1104K [0x072a0000, 0x09400000, 0x0c800000)
   the space 34176K,   3% used [0x072a0000, 0x073b41e8, 0x073b4200, 0x09400000)
 Metaspace       used 3507K, capacity 5471K, committed 5504K, reserved 5504K
Event: 1.217 GC heap after
Heap after GC invocations=2 (full 0):
 def new generation   total 15360K, used 1664K [0x04800000, 0x058a0000, 0x072a0000)
  eden space 13696K,   0% used [0x04800000, 0x04800000, 0x05560000)
  from space 1664K, 100% used [0x05560000, 0x05700000, 0x05700000)
  to   space 1664K,   0% used [0x05700000, 0x05700000, 0x058a0000)
 tenured generation   total 34176K, used 2398K [0x072a0000, 0x09400000, 0x0c800000)
   the space 34176K,   7% used [0x072a0000, 0x074f7940, 0x074f7a00, 0x09400000)
 Metaspace       used 3507K, capacity 5471K, committed 5504K, reserved 5504K
}

