# JRE version: Java(TM) SE Runtime Environment (8.0_66-b18) (build 1.8.0_66-b18)
# Java VM: Java HotSpot(TM) Client VM (25.66-b18 mixed mode, sharing windows-x86 )
Heap:
 def new generation   total 15360K, used 7736K [0x04e00000, 0x05ea0000, 0x078a0000)
  eden space 13696K,  45% used [0x04e00000, 0x05407080, 0x05b60000)
  from space 1664K,  94% used [0x05b60000, 0x05ce70a8, 0x05d00000)
  to   space 1664K,   0% used [0x05d00000, 0x05d00000, 0x05ea0000)
 tenured generation   total 34176K, used 2327K [0x078a0000, 0x09a00000, 0x0ce00000)
   the space 34176K,   6% used [0x078a0000, 0x07ae5fa8, 0x07ae6000, 0x09a00000)
 Metaspace       used 3713K, capacity 5663K, committed 5760K, reserved 6528K
GC Heap History (4 events):
Event: 0.665 GC heap before
{Heap before GC invocations=0 (full 0):
 def new generation   total 15360K, used 13487K [0x04e00000, 0x05ea0000, 0x078a0000)
  eden space 13696K,  98% used [0x04e00000, 0x05b2bf10, 0x05b60000)
  from space 1664K,   0% used [0x05b60000, 0x05b60000, 0x05d00000)
  to   space 1664K,   0% used [0x05d00000, 0x05d00000, 0x05ea0000)
 tenured generation   total 34176K, used 0K [0x078a0000, 0x09a00000, 0x0ce00000)
   the space 34176K,   0% used [0x078a0000, 0x078a0000, 0x078a0200, 0x09a00000)
 Metaspace       used 2017K, capacity 3967K, committed 4032K, reserved 4480K
Event: 0.670 GC heap after
Heap after GC invocations=1 (full 0):
 def new generation   total 15360K, used 1664K [0x04e00000, 0x05ea0000, 0x078a0000)
  eden space 13696K,   0% used [0x04e00000, 0x04e00000, 0x05b60000)
  from space 1664K, 100% used [0x05d00000, 0x05ea0000, 0x05ea0000)
  to   space 1664K,   0% used [0x05b60000, 0x05b60000, 0x05d00000)
 tenured generation   total 34176K, used 1083K [0x078a0000, 0x09a00000, 0x0ce00000)
   the space 34176K,   3% used [0x078a0000, 0x079aedd0, 0x079aee00, 0x09a00000)
 Metaspace       used 2017K, capacity 3967K, committed 4032K, reserved 4480K
}
Event: 1.159 GC heap before
{Heap before GC invocations=1 (full 0):
 def new generation   total 15360K, used 15360K [0x04e00000, 0x05ea0000, 0x078a0000)
  eden space 13696K, 100% used [0x04e00000, 0x05b60000, 0x05b60000)
  from space 1664K, 100% used [0x05d00000, 0x05ea0000, 0x05ea0000)
  to   space 1664K,   0% used [0x05b60000, 0x05b60000, 0x05d00000)
 tenured generation   total 34176K, used 1083K [0x078a0000, 0x09a00000, 0x0ce00000)
   the space 34176K,   3% used [0x078a0000, 0x079aedd0, 0x079aee00, 0x09a00000)
 Metaspace       used 3436K, capacity 5375K, committed 5376K, reserved 5504K
Event: 1.164 GC heap after
Heap after GC invocations=2 (full 0):
 def new generation   total 15360K, used 1564K [0x04e00000, 0x05ea0000, 0x078a0000)
  eden space 13696K,   0% used [0x04e00000, 0x04e00000, 0x05b60000)
  from space 1664K,  94% used [0x05b60000, 0x05ce70a8, 0x05d00000)
  to   space 1664K,   0% used [0x05d00000, 0x05d00000, 0x05ea0000)
 tenured generation   total 34176K, used 2327K [0x078a0000, 0x09a00000, 0x0ce00000)
   the space 34176K,   6% used [0x078a0000, 0x07ae5fa8, 0x07ae6000, 0x09a00000)
 Metaspace       used 3436K, capacity 5375K, committed 5376K, reserved 5504K
}

