# JRE version: Java(TM) SE Runtime Environment (8.0_66-b18) (build 1.8.0_66-b18)
# Java VM: Java HotSpot(TM) Client VM (25.66-b18 mixed mode, sharing windows-x86 )
Heap:
 def new generation   total 4928K, used 2614K [0x04a00000, 0x04f50000, 0x09f50000)
  eden space 4416K,  47% used [0x04a00000, 0x04c0da78, 0x04e50000)
  from space 512K, 100% used [0x04ed0000, 0x04f50000, 0x04f50000)
  to   space 512K,   0% used [0x04e50000, 0x04e50000, 0x04ed0000)
 tenured generation   total 10944K, used 3240K [0x09f50000, 0x0aa00000, 0x14a00000)
   the space 10944K,  29% used [0x09f50000, 0x0a27a030, 0x0a27a200, 0x0aa00000)
 Metaspace       used 3721K, capacity 5665K, committed 5760K, reserved 6528K
GC Heap History (10 events):
Event: 0.743 GC heap before
{Heap before GC invocations=2 (full 0):
 def new generation   total 4928K, used 3985K [0x04a00000, 0x04f50000, 0x09f50000)
  eden space 4416K,  78% used [0x04a00000, 0x04d64430, 0x04e50000)
  from space 512K, 100% used [0x04e50000, 0x04ed0000, 0x04ed0000)
  to   space 512K,   0% used [0x04ed0000, 0x04ed0000, 0x04f50000)
 tenured generation   total 10944K, used 1457K [0x09f50000, 0x0aa00000, 0x14a00000)
   the space 10944K,  13% used [0x09f50000, 0x0a0bc4d0, 0x0a0bc600, 0x0aa00000)
 Metaspace       used 2036K, capacity 3999K, committed 4032K, reserved 4480K
Event: 0.746 GC heap after
Heap after GC invocations=3 (full 0):
 def new generation   total 4928K, used 512K [0x04a00000, 0x04f50000, 0x09f50000)
  eden space 4416K,   0% used [0x04a00000, 0x04a00000, 0x04e50000)
  from space 512K, 100% used [0x04ed0000, 0x04f50000, 0x04f50000)
  to   space 512K,   0% used [0x04e50000, 0x04e50000, 0x04ed0000)
 tenured generation   total 10944K, used 2112K [0x09f50000, 0x0aa00000, 0x14a00000)
   the space 10944K,  19% used [0x09f50000, 0x0a1601b0, 0x0a160200, 0x0aa00000)
 Metaspace       used 2036K, capacity 3999K, committed 4032K, reserved 4480K
}
Event: 0.873 GC heap before
{Heap before GC invocations=3 (full 0):
 def new generation   total 4928K, used 4928K [0x04a00000, 0x04f50000, 0x09f50000)
  eden space 4416K, 100% used [0x04a00000, 0x04e50000, 0x04e50000)
  from space 512K, 100% used [0x04ed0000, 0x04f50000, 0x04f50000)
  to   space 512K,   0% used [0x04e50000, 0x04e50000, 0x04ed0000)
 tenured generation   total 10944K, used 2112K [0x09f50000, 0x0aa00000, 0x14a00000)
   the space 10944K,  19% used [0x09f50000, 0x0a1601b0, 0x0a160200, 0x0aa00000)
 Metaspace       used 2209K, capacity 4159K, committed 4160K, reserved 4480K
Event: 0.874 GC heap after
Heap after GC invocations=4 (full 0):
 def new generation   total 4928K, used 460K [0x04a00000, 0x04f50000, 0x09f50000)
  eden space 4416K,   0% used [0x04a00000, 0x04a00000, 0x04e50000)
  from space 512K,  89% used [0x04e50000, 0x04ec3290, 0x04ed0000)
  to   space 512K,   0% used [0x04ed0000, 0x04ed0000, 0x04f50000)
 tenured generation   total 10944K, used 2330K [0x09f50000, 0x0aa00000, 0x14a00000)
   the space 10944K,  21% used [0x09f50000, 0x0a196aa8, 0x0a196c00, 0x0aa00000)
 Metaspace       used 2209K, capacity 4159K, committed 4160K, reserved 4480K
}
Event: 1.018 GC heap before
{Heap before GC invocations=4 (full 0):
 def new generation   total 4928K, used 4876K [0x04a00000, 0x04f50000, 0x09f50000)
  eden space 4416K, 100% used [0x04a00000, 0x04e50000, 0x04e50000)
  from space 512K,  89% used [0x04e50000, 0x04ec3290, 0x04ed0000)
  to   space 512K,   0% used [0x04ed0000, 0x04ed0000, 0x04f50000)
 tenured generation   total 10944K, used 2330K [0x09f50000, 0x0aa00000, 0x14a00000)
   the space 10944K,  21% used [0x09f50000, 0x0a196aa8, 0x0a196c00, 0x0aa00000)
 Metaspace       used 2539K, capacity 4479K, committed 4480K, reserved 4480K
Event: 1.019 GC heap after
Heap after GC invocations=5 (full 0):
 def new generation   total 4928K, used 479K [0x04a00000, 0x04f50000, 0x09f50000)
  eden space 4416K,   0% used [0x04a00000, 0x04a00000, 0x04e50000)
  from space 512K,  93% used [0x04ed0000, 0x04f47f78, 0x04f50000)
  to   space 512K,   0% used [0x04e50000, 0x04e50000, 0x04ed0000)
 tenured generation   total 10944K, used 2374K [0x09f50000, 0x0aa00000, 0x14a00000)
   the space 10944K,  21% used [0x09f50000, 0x0a1a1bb8, 0x0a1a1c00, 0x0aa00000)
 Metaspace       used 2539K, capacity 4479K, committed 4480K, reserved 4480K
}
Event: 1.254 GC heap before
{Heap before GC invocations=5 (full 0):
 def new generation   total 4928K, used 4895K [0x04a00000, 0x04f50000, 0x09f50000)
  eden space 4416K, 100% used [0x04a00000, 0x04e50000, 0x04e50000)
  from space 512K,  93% used [0x04ed0000, 0x04f47f78, 0x04f50000)
  to   space 512K,   0% used [0x04e50000, 0x04e50000, 0x04ed0000)
 tenured generation   total 10944K, used 2374K [0x09f50000, 0x0aa00000, 0x14a00000)
   the space 10944K,  21% used [0x09f50000, 0x0a1a1bb8, 0x0a1a1c00, 0x0aa00000)
 Metaspace       used 3508K, capacity 5439K, committed 5504K, reserved 5504K
Event: 1.256 GC heap after
Heap after GC invocations=6 (full 0):
 def new generation   total 4928K, used 512K [0x04a00000, 0x04f50000, 0x09f50000)
  eden space 4416K,   0% used [0x04a00000, 0x04a00000, 0x04e50000)
  from space 512K, 100% used [0x04e50000, 0x04ed0000, 0x04ed0000)
  to   space 512K,   0% used [0x04ed0000, 0x04ed0000, 0x04f50000)
 tenured generation   total 10944K, used 2746K [0x09f50000, 0x0aa00000, 0x14a00000)
   the space 10944K,  25% used [0x09f50000, 0x0a1fe8a0, 0x0a1fea00, 0x0aa00000)
 Metaspace       used 3508K, capacity 5439K, committed 5504K, reserved 5504K
}
Event: 43.482 GC heap before
{Heap before GC invocations=6 (full 0):
 def new generation   total 4928K, used 4928K [0x04a00000, 0x04f50000, 0x09f50000)
  eden space 4416K, 100% used [0x04a00000, 0x04e50000, 0x04e50000)
  from space 512K, 100% used [0x04e50000, 0x04ed0000, 0x04ed0000)
  to   space 512K,   0% used [0x04ed0000, 0x04ed0000, 0x04f50000)
 tenured generation   total 10944K, used 2746K [0x09f50000, 0x0aa00000, 0x14a00000)
   the space 10944K,  25% used [0x09f50000, 0x0a1fe8a0, 0x0a1fea00, 0x0aa00000)
 Metaspace       used 3717K, capacity 5665K, committed 5760K, reserved 6528K
Event: 43.485 GC heap after
Heap after GC invocations=7 (full 0):
 def new generation   total 4928K, used 512K [0x04a00000, 0x04f50000, 0x09f50000)
  eden space 4416K,   0% used [0x04a00000, 0x04a00000, 0x04e50000)
  from space 512K, 100% used [0x04ed0000, 0x04f50000, 0x04f50000)
  to   space 512K,   0% used [0x04e50000, 0x04e50000, 0x04ed0000)
 tenured generation   total 10944K, used 3240K [0x09f50000, 0x0aa00000, 0x14a00000)
   the space 10944K,  29% used [0x09f50000, 0x0a27a030, 0x0a27a200, 0x0aa00000)
 Metaspace       used 3717K, capacity 5665K, committed 5760K, reserved 6528K
}

