# JRE version: Java(TM) SE Runtime Environment (8.0_66-b18) (build 1.8.0_66-b18)
# Java VM: Java HotSpot(TM) Client VM (25.66-b18 mixed mode, sharing windows-x86 )
Heap:
 def new generation   total 4928K, used 1316K [0x04200000, 0x04750000, 0x09750000)
  eden space 4416K,  18% used [0x04200000, 0x042c93e0, 0x04650000)
  from space 512K, 100% used [0x046d0000, 0x04750000, 0x04750000)
  to   space 512K,   0% used [0x04650000, 0x04650000, 0x046d0000)
 tenured generation   total 10944K, used 3343K [0x09750000, 0x0a200000, 0x14200000)
   the space 10944K,  30% used [0x09750000, 0x09a93c68, 0x09a93e00, 0x0a200000)
 Metaspace       used 3720K, capacity 5665K, committed 5760K, reserved 6528K
GC Heap History (10 events):
Event: 0.730 GC heap before
{Heap before GC invocations=2 (full 0):
 def new generation   total 4928K, used 3994K [0x04200000, 0x04750000, 0x09750000)
  eden space 4416K,  78% used [0x04200000, 0x04566aa0, 0x04650000)
  from space 512K, 100% used [0x04650000, 0x046d0000, 0x046d0000)
  to   space 512K,   0% used [0x046d0000, 0x046d0000, 0x04750000)
 tenured generation   total 10944K, used 1450K [0x09750000, 0x0a200000, 0x14200000)
   the space 10944K,  13% used [0x09750000, 0x098ba890, 0x098baa00, 0x0a200000)
 Metaspace       used 2035K, capacity 3999K, committed 4032K, reserved 4480K
Event: 0.732 GC heap after
Heap after GC invocations=3 (full 0):
 def new generation   total 4928K, used 512K [0x04200000, 0x04750000, 0x09750000)
  eden space 4416K,   0% used [0x04200000, 0x04200000, 0x04650000)
  from space 512K, 100% used [0x046d0000, 0x04750000, 0x04750000)
  to   space 512K,   0% used [0x04650000, 0x04650000, 0x046d0000)
 tenured generation   total 10944K, used 2104K [0x09750000, 0x0a200000, 0x14200000)
   the space 10944K,  19% used [0x09750000, 0x0995e048, 0x0995e200, 0x0a200000)
 Metaspace       used 2035K, capacity 3999K, committed 4032K, reserved 4480K
}
Event: 0.854 GC heap before
{Heap before GC invocations=3 (full 0):
 def new generation   total 4928K, used 4928K [0x04200000, 0x04750000, 0x09750000)
  eden space 4416K, 100% used [0x04200000, 0x04650000, 0x04650000)
  from space 512K, 100% used [0x046d0000, 0x04750000, 0x04750000)
  to   space 512K,   0% used [0x04650000, 0x04650000, 0x046d0000)
 tenured generation   total 10944K, used 2104K [0x09750000, 0x0a200000, 0x14200000)
   the space 10944K,  19% used [0x09750000, 0x0995e048, 0x0995e200, 0x0a200000)
 Metaspace       used 2208K, capacity 4159K, committed 4160K, reserved 4480K
Event: 0.856 GC heap after
Heap after GC invocations=4 (full 0):
 def new generation   total 4928K, used 460K [0x04200000, 0x04750000, 0x09750000)
  eden space 4416K,   0% used [0x04200000, 0x04200000, 0x04650000)
  from space 512K,  89% used [0x04650000, 0x046c32d0, 0x046d0000)
  to   space 512K,   0% used [0x046d0000, 0x046d0000, 0x04750000)
 tenured generation   total 10944K, used 2321K [0x09750000, 0x0a200000, 0x14200000)
   the space 10944K,  21% used [0x09750000, 0x09994700, 0x09994800, 0x0a200000)
 Metaspace       used 2208K, capacity 4159K, committed 4160K, reserved 4480K
}
Event: 1.001 GC heap before
{Heap before GC invocations=4 (full 0):
 def new generation   total 4928K, used 4876K [0x04200000, 0x04750000, 0x09750000)
  eden space 4416K, 100% used [0x04200000, 0x04650000, 0x04650000)
  from space 512K,  89% used [0x04650000, 0x046c32d0, 0x046d0000)
  to   space 512K,   0% used [0x046d0000, 0x046d0000, 0x04750000)
 tenured generation   total 10944K, used 2321K [0x09750000, 0x0a200000, 0x14200000)
   the space 10944K,  21% used [0x09750000, 0x09994700, 0x09994800, 0x0a200000)
 Metaspace       used 2535K, capacity 4479K, committed 4480K, reserved 4480K
Event: 1.002 GC heap after
Heap after GC invocations=5 (full 0):
 def new generation   total 4928K, used 474K [0x04200000, 0x04750000, 0x09750000)
  eden space 4416K,   0% used [0x04200000, 0x04200000, 0x04650000)
  from space 512K,  92% used [0x046d0000, 0x04746958, 0x04750000)
  to   space 512K,   0% used [0x04650000, 0x04650000, 0x046d0000)
 tenured generation   total 10944K, used 2370K [0x09750000, 0x0a200000, 0x14200000)
   the space 10944K,  21% used [0x09750000, 0x099a0998, 0x099a0a00, 0x0a200000)
 Metaspace       used 2535K, capacity 4479K, committed 4480K, reserved 4480K
}
Event: 1.207 GC heap before
{Heap before GC invocations=5 (full 0):
 def new generation   total 4928K, used 4890K [0x04200000, 0x04750000, 0x09750000)
  eden space 4416K, 100% used [0x04200000, 0x04650000, 0x04650000)
  from space 512K,  92% used [0x046d0000, 0x04746958, 0x04750000)
  to   space 512K,   0% used [0x04650000, 0x04650000, 0x046d0000)
 tenured generation   total 10944K, used 2370K [0x09750000, 0x0a200000, 0x14200000)
   the space 10944K,  21% used [0x09750000, 0x099a0998, 0x099a0a00, 0x0a200000)
 Metaspace       used 3504K, capacity 5439K, committed 5504K, reserved 5504K
Event: 1.209 GC heap after
Heap after GC invocations=6 (full 0):
 def new generation   total 4928K, used 512K [0x04200000, 0x04750000, 0x09750000)
  eden space 4416K,   0% used [0x04200000, 0x04200000, 0x04650000)
  from space 512K, 100% used [0x04650000, 0x046d0000, 0x046d0000)
  to   space 512K,   0% used [0x046d0000, 0x046d0000, 0x04750000)
 tenured generation   total 10944K, used 2744K [0x09750000, 0x0a200000, 0x14200000)
   the space 10944K,  25% used [0x09750000, 0x099fe260, 0x099fe400, 0x0a200000)
 Metaspace       used 3504K, capacity 5439K, committed 5504K, reserved 5504K
}
Event: 38.549 GC heap before
{Heap before GC invocations=6 (full 0):
 def new generation   total 4928K, used 4928K [0x04200000, 0x04750000, 0x09750000)
  eden space 4416K, 100% used [0x04200000, 0x04650000, 0x04650000)
  from space 512K, 100% used [0x04650000, 0x046d0000, 0x046d0000)
  to   space 512K,   0% used [0x046d0000, 0x046d0000, 0x04750000)
 tenured generation   total 10944K, used 2744K [0x09750000, 0x0a200000, 0x14200000)
   the space 10944K,  25% used [0x09750000, 0x099fe260, 0x099fe400, 0x0a200000)
 Metaspace       used 3716K, capacity 5665K, committed 5760K, reserved 6528K
Event: 38.551 GC heap after
Heap after GC invocations=7 (full 0):
 def new generation   total 4928K, used 512K [0x04200000, 0x04750000, 0x09750000)
  eden space 4416K,   0% used [0x04200000, 0x04200000, 0x04650000)
  from space 512K, 100% used [0x046d0000, 0x04750000, 0x04750000)
  to   space 512K,   0% used [0x04650000, 0x04650000, 0x046d0000)
 tenured generation   total 10944K, used 3343K [0x09750000, 0x0a200000, 0x14200000)
   the space 10944K,  30% used [0x09750000, 0x09a93c68, 0x09a93e00, 0x0a200000)
 Metaspace       used 3716K, capacity 5665K, committed 5760K, reserved 6528K
}

